<?xml version="1.0" encoding="UTF-8"?>
<testng-results ignored="0" total="4" passed="4" failed="0" skipped="0">
  <reporter-output>
  </reporter-output>
  <suite started-at="2020-04-13T19:50:42 EEST" name="Default suite" finished-at="2020-04-13T19:52:26 EEST" duration-ms="104037">
    <groups>
    </groups>
    <test started-at="2020-04-13T19:50:42 EEST" name="Default test" finished-at="2020-04-13T19:52:26 EEST" duration-ms="104037">
      <class name="PensionFundRats.VerifyPensionFund">
        <test-method is-config="true" signature="SetupTest()[pri:0, instance:PensionFundRats.VerifyPensionFund@49c386c8]" started-at="2020-04-13T19:50:42 EEST" name="SetupTest" finished-at="2020-04-13T19:50:47 EEST" duration-ms="5017" status="PASS">
          <reporter-output>
          </reporter-output>
        </test-method> <!-- SetupTest -->
        <test-method signature="PensionStartSaving()[pri:1, instance:PensionFundRats.VerifyPensionFund@49c386c8]" started-at="2020-04-13T19:50:47 EEST" name="PensionStartSaving" finished-at="2020-04-13T19:51:23 EEST" duration-ms="35763" status="PASS">
          <reporter-output>
          </reporter-output>
        </test-method> <!-- PensionStartSaving -->
        <test-method signature="PensionStartSavingMessage()[pri:2, instance:PensionFundRats.VerifyPensionFund@49c386c8]" started-at="2020-04-13T19:51:23 EEST" name="PensionStartSavingMessage" finished-at="2020-04-13T19:51:35 EEST" duration-ms="11889" status="PASS">
          <reporter-output>
          </reporter-output>
        </test-method> <!-- PensionStartSavingMessage -->
        <test-method signature="PensionFundPage1()[pri:3, instance:PensionFundRats.VerifyPensionFund@49c386c8]" started-at="2020-04-13T19:51:35 EEST" name="PensionFundPage1" finished-at="2020-04-13T19:52:00 EEST" duration-ms="25256" status="PASS">
          <reporter-output>
          </reporter-output>
        </test-method> <!-- PensionFundPage1 -->
        <test-method signature="PensionFundPage2()[pri:4, instance:PensionFundRats.VerifyPensionFund@49c386c8]" started-at="2020-04-13T19:52:00 EEST" name="PensionFundPage2" finished-at="2020-04-13T19:52:23 EEST" duration-ms="23330" status="PASS">
          <reporter-output>
          </reporter-output>
        </test-method> <!-- PensionFundPage2 -->
        <test-method is-config="true" signature="FinishTest()[pri:0, instance:PensionFundRats.VerifyPensionFund@49c386c8]" started-at="2020-04-13T19:52:23 EEST" name="FinishTest" finished-at="2020-04-13T19:52:26 EEST" duration-ms="2712" status="PASS">
          <reporter-output>
          </reporter-output>
        </test-method> <!-- FinishTest -->
      </class> <!-- PensionFundRats.VerifyPensionFund -->
    </test> <!-- Default test -->
  </suite> <!-- Default suite -->
</testng-results>
