<?xml version="1.0" encoding="UTF-8"?>
<!-- Generated by org.testng.reporters.JUnitXMLReporter -->
<testsuite ignored="0" hostname="DESKTOP-JD3EVM2" failures="0" tests="4" name="Default test" time="104.037" errors="0" timestamp="2020-04-13T19:52:26 EEST">
  <testcase classname="PensionFundRats.VerifyPensionFund" name="PensionStartSaving" time="35.763"/>
  <testcase classname="PensionFundRats.VerifyPensionFund" name="PensionStartSavingMessage" time="11.889"/>
  <testcase classname="PensionFundRats.VerifyPensionFund" name="PensionFundPage1" time="25.256"/>
  <testcase classname="PensionFundRats.VerifyPensionFund" name="PensionFundPage2" time="23.33"/>
</testsuite> <!-- Default test -->
